0 info it worked if it ends with ok
1 verbose cli [ '/home/carlwillimott/.nvm/versions/node/v6.2.2/bin/node',
1 verbose cli   '/home/carlwillimott/.nvm/versions/node/v6.2.2/bin/npm',
1 verbose cli   'run',
1 verbose cli   'build-01' ]
2 info using npm@3.9.5
3 info using node@v6.2.2
4 verbose run-script [ 'prebuild-01', 'build-01', 'postbuild-01' ]
5 info lifecycle rsjx-stream-examples@1.0.0~prebuild-01: rsjx-stream-examples@1.0.0
6 silly lifecycle rsjx-stream-examples@1.0.0~prebuild-01: no script for prebuild-01, continuing
7 info lifecycle rsjx-stream-examples@1.0.0~build-01: rsjx-stream-examples@1.0.0
8 verbose lifecycle rsjx-stream-examples@1.0.0~build-01: unsafe-perm in lifecycle true
9 verbose lifecycle rsjx-stream-examples@1.0.0~build-01: PATH: /home/carlwillimott/.nvm/versions/node/v6.2.2/lib/node_modules/npm/bin/node-gyp-bin:/home/carlwillimott/PhpstormProjects/rxjs-examples/node_modules/.bin:/home/carlwillimott/.nvm/versions/node/v6.2.2/bin:/home/carlwillimott/.nvm/versions/node/v6.2.2/bin:/usr/local/sbin:/usr/local/bin:/usr/sbin:/usr/bin:/sbin:/bin:/usr/games:/usr/local/games
10 verbose lifecycle rsjx-stream-examples@1.0.0~build-01: CWD: /home/carlwillimott/PhpstormProjects/rxjs-examples
11 silly lifecycle rsjx-stream-examples@1.0.0~build-01: Args: [ '-c',
11 silly lifecycle   'webpack-dev-server --content-base src/01-simple-debt-calculator' ]
12 silly lifecycle rsjx-stream-examples@1.0.0~build-01: Returned: code: 1  signal: null
13 info lifecycle rsjx-stream-examples@1.0.0~build-01: Failed to exec build-01 script
14 verbose stack Error: rsjx-stream-examples@1.0.0 build-01: `webpack-dev-server --content-base src/01-simple-debt-calculator`
14 verbose stack Exit status 1
14 verbose stack     at EventEmitter.<anonymous> (/home/carlwillimott/.nvm/versions/node/v6.2.2/lib/node_modules/npm/lib/utils/lifecycle.js:245:16)
14 verbose stack     at emitTwo (events.js:106:13)
14 verbose stack     at EventEmitter.emit (events.js:191:7)
14 verbose stack     at ChildProcess.<anonymous> (/home/carlwillimott/.nvm/versions/node/v6.2.2/lib/node_modules/npm/lib/utils/spawn.js:24:14)
14 verbose stack     at emitTwo (events.js:106:13)
14 verbose stack     at ChildProcess.emit (events.js:191:7)
14 verbose stack     at maybeClose (internal/child_process.js:852:16)
14 verbose stack     at Process.ChildProcess._handle.onexit (internal/child_process.js:215:5)
15 verbose pkgid rsjx-stream-examples@1.0.0
16 verbose cwd /home/carlwillimott/PhpstormProjects/rxjs-examples
17 error Linux 3.16.0-73-generic
18 error argv "/home/carlwillimott/.nvm/versions/node/v6.2.2/bin/node" "/home/carlwillimott/.nvm/versions/node/v6.2.2/bin/npm" "run" "build-01"
19 error node v6.2.2
20 error npm  v3.9.5
21 error code ELIFECYCLE
22 error rsjx-stream-examples@1.0.0 build-01: `webpack-dev-server --content-base src/01-simple-debt-calculator`
22 error Exit status 1
23 error Failed at the rsjx-stream-examples@1.0.0 build-01 script 'webpack-dev-server --content-base src/01-simple-debt-calculator'.
23 error Make sure you have the latest version of node.js and npm installed.
23 error If you do, this is most likely a problem with the rsjx-stream-examples package,
23 error not with npm itself.
23 error Tell the author that this fails on your system:
23 error     webpack-dev-server --content-base src/01-simple-debt-calculator
23 error You can get information on how to open an issue for this project with:
23 error     npm bugs rsjx-stream-examples
23 error Or if that isn't available, you can get their info via:
23 error     npm owner ls rsjx-stream-examples
23 error There is likely additional logging output above.
24 verbose exit [ 1, true ]
